c:\users\vpcom\documents\visual studio 2013\projects\15puzzle\15puzzle\debug\vc120.pdb
c:\users\vpcom\documents\visual studio 2013\projects\15puzzle\15puzzle\debug\vc120.idb
c:\users\vpcom\documents\visual studio 2013\projects\15puzzle\15puzzle\debug\15puzzle.obj
c:\users\vpcom\documents\visual studio 2013\projects\15puzzle\debug\15puzzle.pdb
c:\users\vpcom\documents\visual studio 2013\projects\15puzzle\15puzzle\debug\15puzzle.tlog\cl.command.1.tlog
c:\users\vpcom\documents\visual studio 2013\projects\15puzzle\15puzzle\debug\15puzzle.tlog\cl.read.1.tlog
c:\users\vpcom\documents\visual studio 2013\projects\15puzzle\15puzzle\debug\15puzzle.tlog\cl.write.1.tlog
c:\users\vpcom\documents\visual studio 2013\projects\15puzzle\15puzzle\debug\15puzzle.tlog\link-cvtres.read.1.tlog
c:\users\vpcom\documents\visual studio 2013\projects\15puzzle\15puzzle\debug\15puzzle.tlog\link-cvtres.write.1.tlog
c:\users\vpcom\documents\visual studio 2013\projects\15puzzle\15puzzle\debug\15puzzle.tlog\link-rc.read.1.tlog
c:\users\vpcom\documents\visual studio 2013\projects\15puzzle\15puzzle\debug\15puzzle.tlog\link-rc.write.1.tlog
c:\users\vpcom\documents\visual studio 2013\projects\15puzzle\15puzzle\debug\15puzzle.tlog\link.10884-cvtres.read.1.tlog
c:\users\vpcom\documents\visual studio 2013\projects\15puzzle\15puzzle\debug\15puzzle.tlog\link.10884-cvtres.write.1.tlog
c:\users\vpcom\documents\visual studio 2013\projects\15puzzle\15puzzle\debug\15puzzle.tlog\link.10884-rc.read.1.tlog
c:\users\vpcom\documents\visual studio 2013\projects\15puzzle\15puzzle\debug\15puzzle.tlog\link.10884-rc.write.1.tlog
c:\users\vpcom\documents\visual studio 2013\projects\15puzzle\15puzzle\debug\15puzzle.tlog\link.10884.read.1.tlog
c:\users\vpcom\documents\visual studio 2013\projects\15puzzle\15puzzle\debug\15puzzle.tlog\link.10884.write.1.tlog
c:\users\vpcom\documents\visual studio 2013\projects\15puzzle\15puzzle\debug\15puzzle.tlog\link.command.1.tlog
c:\users\vpcom\documents\visual studio 2013\projects\15puzzle\15puzzle\debug\15puzzle.tlog\link.read.1.tlog
c:\users\vpcom\documents\visual studio 2013\projects\15puzzle\15puzzle\debug\15puzzle.tlog\link.write.1.tlog
